r_Kim := index.
r_Sandy := index.
r_Pat := index.
r_Chris := index.
r_Carrie := index.
r_Fido := index.
r_Leslie := index.
r_Lou := index.
r_Dana := index.
r_Lynn := index.
r_Lee := index.
r_can := reln.
r_could := reln.
r_will := reln.
r_age := reln.
r_bark := reln.
r_believe := reln.
r_die := reln.
r_dine := reln.
r_disappear := reln.
r_drive := reln.
r_eat := reln.
r_explode := reln.
r_fall := reln.
r_fly := reln.
r_float := reln.
r_gather := reln.
r_laugh := reln.
r_leave := reln.
r_lie := reln.
r_live := reln.
r_run := reln.
r_sank := reln.
r_sit := reln.
r_scream := reln.
r_sing := reln.
r_skate := reln.
r_sneeze := reln.
r_speak := reln.
r_suck := reln.
r_talk := reln.
r_tapdance := reln.
r_visit := reln.
r_win := reln.
r_yell := reln.
r_ask := reln.
r_campaign := reln.
r_come := reln.
r_fit := reln.
r_go := reln.
r_look := reln.
r_rely := reln.
r_admire := reln.
r_affect := reln.
r_annoy := reln.
r_arrest := reln.
r_avoid := reln.
r_bite := reln.
r_bare := reln.
r_broke := reln.
r_cause := reln.
r_cark := reln.
r_chase := reln.
r_close := reln.
r_consider := reln.
r_consume := reln.
r_cross := reln.
r_cut := reln.
r_determine := reln.
r_devour := reln.
r_deny := reln.
r_discover := reln.
r_display := reln.
r_draw := reln.
r_dread := reln.
r_elect := reln.
r_enjoy := reln.
r_examine := reln.
r_exploit := reln.
r_find := reln.
r_finish := reln.
r_fix := reln.
r_fill := reln.
r_follow := reln.
r_get := reln.
r_halve := reln.
r_hate := reln.
r_have := reln.
r_help := reln.
r_hit := reln.
r_improve := reln.
r_involve := reln.
r_know := reln.
r_kick := reln.
r_like := reln.
r_list := reln.
r_lock := reln.
r_love := reln.
r_meet := reln.
r_observe := reln.
r_paint := reln.
r_pet := reln.
r_phone := reln.
r_present := reln.
r_protect := reln.
r_question := reln.
r_race := reln.
r_rake := reln.
r_read := reln.
r_represent := reln.
r_respect := reln.
r_solve := reln.
r_spot := reln.
r_spray := reln.
r_supervise := reln.
r_take := reln.
r_taste := reln.
r_target := reln.
r_turn := reln.
r_upset := reln.
r_watch := reln.
r_bring := reln.
r_donate := reln.
r_hand := reln.
r_give := reln.
r_tell := reln.
r_move := reln.
r_put := reln.
r_wrap := reln.
r_continue := reln.
r_appear := reln.
r_appeal := reln.
r_try := reln.
r_abbie := reln.
r_accusation := reln.
r_advantage := reln.
r_album := reln.
r_alps := reln.
r_andes := reln.
r_animal := reln.
r_answer := reln.
r_arrow := reln.
r_artist := reln.
r_assignment := reln.
r_associate := reln.
r_astronomer := reln.
r_atom := reln.
r_audience := reln.
r_auxiliary := reln.
r_baby := reln.
r_back := reln.
r_bagel := reln.
r_barn := reln.
r_beer := reln.
r_belief := reln.
r_bicycle := reln.
r_bird := reln.
r_bit := reln.
r_blanket := reln.
r_blues := reln.
r_boat := reln.
r_book := reln.
r_building := reln.
r_cancer := reln.
r_candidate := reln.
r_captain := reln.
r_car := reln.
r_cardinal := reln.
r_cat := reln.
r_chair := reln.
r_cheetah := reln.
r_child := reln.
r_city := reln.
r_class := reln.
r_cloud := reln.
r_clue := reln.
r_coast := reln.
r_conflict := reln.
r_council := reln.
r_customer := reln.
r_day := reln.
r_dealer := reln.
r_dealership := reln.
r_defendant := reln.
r_difference := reln.
r_dinner := reln.
r_disease := reln.
r_doctor := reln.
r_dog := reln.
r_drug := reln.
r_duck := reln.
r_earthquake := reln.
r_east := reln.
r_exam := reln.
r_evidence := reln.
r_fbi := reln.
r_felon := reln.
r_fever := reln.
r_flower := reln.
r_flour := reln.
r_food := reln.
r_fool := reln.
r_form := reln.
r_friend := reln.
r_game := reln.
r_garden := reln.
r_garlic := reln.
r_gas := reln.
r_gathering := reln.
r_german := reln.
r_guest := reln.
r_head := reln.
r_horse := reln.
r_hospital := reln.
r_idea := reln.
r_improvement := reln.
r_innocent := reln.
r_judge := reln.
r_jury := reln.
r_kind := reln.
r_language := reln.
r_logic := reln.
r_leaf := reln.
r_leg := reln.
r_letter := reln.
r_library := reln.
r_life := reln.
r_light := reln.
r_linguist := reln.
r_lunch := reln.
r_mailbox := reln.
r_martini := reln.
r_master := reln.
r_meal := reln.
r_meeting := reln.
r_man := reln.
r_monster := reln.
r_mother := reln.
r_movie := reln.
r_museum := reln.
r_napkin := reln.
r_neighborhood := reln.
r_nephew := reln.
r_night := reln.
r_note := reln.
r_opportunity := reln.
r_painting := reln.
r_park := reln.
r_participant := reln.
r_past := reln.
r_patient := reln.
r_pencil := reln.
r_picture := reln.
r_police := reln.
r_price := reln.
r_problem := reln.
r_protester := reln.
r_rain := reln.
r_ravioli := reln.
r_relative := reln.
r_riot := reln.
r_river := reln.
r_roof := reln.
r_room := reln.
r_seat := reln.
r_senora := reln.
r_sentence := reln.
r_series := reln.
r_shepherd := reln.
r_song := reln.
r_storm := reln.
r_storm_cloud := reln.
r_student := reln.
r_table := reln.
r_tabs := reln.
r_tail := reln.
r_tale := reln.
r_teacher := reln.
r_team := reln.
r_telescope := reln.
r_television := reln.
r_theorem := reln.
r_thief := reln.
r_thrill := reln.
r_time := reln.
r_town := reln.
r_toy := reln.
r_trash := reln.
r_trick := reln.
r_trouble := reln.
r_tug := reln.
r_tv := reln.
r_twin := reln.
r_type := reln.
r_umbrella := reln.
r_unicorn := reln.
r_verb := reln.
r_vote := reln.
r_voter := reln.
r_water := reln.
r_window := reln.
r_wine := reln.
r_witness := reln.
r_woman := reln.
r_work := reln.
r_worm := reln.
